2024-06-18 14:46:41.435 - INFO - 5537 - azureml.train.automl.run._log_activity:55 - ActivityStarted: RegisterModel
2024-06-18 14:46:41.459 - INFO - 5537 - azureml.train.automl.run._log_activity:55 - ActivityStarted: GetChildren
2024-06-18 14:46:41.594 - INFO - 5537 - azureml.train.automl.run._log_activity:89 - ActivityCompleted: Activity=GetChildren, HowEnded=Success, Duration=135.28[ms]
2024-06-18 14:46:42.983 - INFO - 5537 - azureml.train.automl.run._log_activity:89 - ActivityCompleted: Activity=RegisterModel, HowEnded=Success, Duration=1547.88[ms]
2024-06-18 14:47:37.847 - INFO - 5537 - azureml.train.automl.run._log_activity:55 - ActivityStarted: GetOutput
2024-06-18 14:47:37.872 - INFO - 5537 - azureml.train.automl.run._log_activity:55 - ActivityStarted: GetOutput
2024-06-18 14:47:37.896 - INFO - 5537 - azureml.train.automl.run._log_activity:55 - ActivityStarted: GetChildren
2024-06-18 14:47:38.034 - INFO - 5537 - azureml.train.automl.run._log_activity:89 - ActivityCompleted: Activity=GetChildren, HowEnded=Success, Duration=138.25[ms]
2024-06-18 14:47:38.100 - INFO - 5537 - azureml.train.automl.run._log_activity:89 - ActivityCompleted: Activity=GetOutput, HowEnded=Success, Duration=228.39[ms]
2024-06-18 14:47:38.101 - INFO - 5537 - azureml.train.automl._model_download_utilities._log_activity:55 - ActivityStarted: DownloadModel
2024-06-18 14:47:47.314 - INFO - 5537 - azureml.automl.runtime.featurization.data_transformer.__init__:190 - Feature sweeping enabled: False
2024-06-18 14:47:47.315 - INFO - 5537 - azureml.automl.runtime.featurization.data_transformer.__init__:191 - Feature sweeping timeout: 86400
2024-06-18 14:47:59.689 - INFO - 5537 - azureml.train.automl._model_download_utilities._log_activity:89 - ActivityCompleted: Activity=DownloadModel, HowEnded=Success, Duration=21587.63[ms]
2024-06-18 14:47:59.690 - INFO - 5537 - azureml.train.automl.run._log_activity:89 - ActivityCompleted: Activity=GetOutput, HowEnded=Success, Duration=21843.64[ms]
2024-06-18 14:52:51.850 - INFO - 5537 - azureml.train.automl.run._log_activity:55 - ActivityStarted: GetOutput
2024-06-18 14:52:51.877 - INFO - 5537 - azureml.train.automl.run._log_activity:55 - ActivityStarted: GetOutput
2024-06-18 14:52:51.899 - INFO - 5537 - azureml.train.automl.run._log_activity:55 - ActivityStarted: GetChildren
2024-06-18 14:52:52.045 - INFO - 5537 - azureml.train.automl.run._log_activity:89 - ActivityCompleted: Activity=GetChildren, HowEnded=Success, Duration=145.79[ms]
2024-06-18 14:52:52.105 - INFO - 5537 - azureml.train.automl.run._log_activity:89 - ActivityCompleted: Activity=GetOutput, HowEnded=Success, Duration=227.78[ms]
2024-06-18 14:52:52.105 - INFO - 5537 - azureml.train.automl._model_download_utilities._log_activity:55 - ActivityStarted: DownloadModel
2024-06-18 14:52:52.659 - INFO - 5537 - azureml.automl.runtime.featurization.data_transformer.__init__:190 - Feature sweeping enabled: False
2024-06-18 14:52:52.660 - INFO - 5537 - azureml.automl.runtime.featurization.data_transformer.__init__:191 - Feature sweeping timeout: 86400
2024-06-18 14:52:52.793 - INFO - 5537 - azureml.train.automl._model_download_utilities._log_activity:89 - ActivityCompleted: Activity=DownloadModel, HowEnded=Success, Duration=688.07[ms]
2024-06-18 14:52:52.794 - INFO - 5537 - azureml.train.automl.run._log_activity:89 - ActivityCompleted: Activity=GetOutput, HowEnded=Success, Duration=944.31[ms]
2024-06-18 15:26:57.427 - INFO - 5537 - azureml.train.automl.run._log_activity:55 - ActivityStarted: GetOutput
2024-06-18 15:26:57.459 - INFO - 5537 - azureml.train.automl.run._log_activity:55 - ActivityStarted: GetOutput
2024-06-18 15:26:57.484 - INFO - 5537 - azureml.train.automl.run._log_activity:55 - ActivityStarted: GetChildren
2024-06-18 15:26:57.827 - INFO - 5537 - azureml.train.automl.run._log_activity:89 - ActivityCompleted: Activity=GetChildren, HowEnded=Success, Duration=343.12[ms]
2024-06-18 15:26:57.944 - INFO - 5537 - azureml.train.automl.run._log_activity:89 - ActivityCompleted: Activity=GetOutput, HowEnded=Success, Duration=484.68[ms]
2024-06-18 15:26:57.944 - INFO - 5537 - azureml.train.automl._model_download_utilities._log_activity:55 - ActivityStarted: DownloadModel
2024-06-18 15:26:58.937 - INFO - 5537 - azureml.automl.runtime.featurization.data_transformer.__init__:190 - Feature sweeping enabled: False
2024-06-18 15:26:58.938 - INFO - 5537 - azureml.automl.runtime.featurization.data_transformer.__init__:191 - Feature sweeping timeout: 86400
2024-06-18 15:26:59.064 - INFO - 5537 - azureml.train.automl._model_download_utilities._log_activity:89 - ActivityCompleted: Activity=DownloadModel, HowEnded=Success, Duration=1119.43[ms]
2024-06-18 15:26:59.064 - INFO - 5537 - azureml.train.automl.run._log_activity:89 - ActivityCompleted: Activity=GetOutput, HowEnded=Success, Duration=1636.86[ms]
