2024-06-09 15:17:26.229 - INFO - 7850 - azureml.train.automl._experiment_drivers.driver_utilities.modify_run_configuration:239 - Package azureml-train-automl missing from dependencies file.
2024-06-09 15:17:26.229 - INFO - 7850 - azureml.train.automl._experiment_drivers.driver_utilities.modify_run_configuration:245 - Using pinned version: azureml-train-automl==1.51.0.*
2024-06-09 15:17:26.229 - INFO - 7850 - azureml.train.automl._experiment_drivers.driver_utilities.modify_run_configuration:239 - Package pandas missing from dependencies file.
2024-06-09 15:17:26.230 - INFO - 7850 - azureml.train.automl._experiment_drivers.driver_utilities.modify_run_configuration:245 - Using pinned version: pandas==1.1.5
2024-06-09 15:17:26.230 - INFO - 7850 - azureml.train.automl._experiment_drivers.driver_utilities.modify_run_configuration:239 - Package psutil missing from dependencies file.
2024-06-09 15:17:26.230 - INFO - 7850 - azureml.train.automl._experiment_drivers.driver_utilities.modify_run_configuration:245 - Using pinned version: psutil>5.0.0,<6.0.0
2024-06-09 15:17:26.231 - INFO - 7850 - azureml.train.automl._experiment_drivers.driver_utilities.modify_run_configuration:239 - Package scikit-learn missing from dependencies file.
2024-06-09 15:17:26.231 - INFO - 7850 - azureml.train.automl._experiment_drivers.driver_utilities.modify_run_configuration:245 - Using pinned version: scikit-learn==0.22.1
2024-06-09 15:17:26.232 - INFO - 7850 - azureml.train.automl._experiment_drivers.driver_utilities.modify_run_configuration:239 - Package numpy missing from dependencies file.
2024-06-09 15:17:26.232 - INFO - 7850 - azureml.train.automl._experiment_drivers.driver_utilities.modify_run_configuration:245 - Using pinned version: numpy==1.21.6
2024-06-09 15:17:26.232 - INFO - 7850 - azureml.train.automl._experiment_drivers.driver_utilities.modify_run_configuration:239 - Package py-xgboost missing from dependencies file.
2024-06-09 15:17:26.233 - INFO - 7850 - azureml.train.automl._experiment_drivers.driver_utilities.modify_run_configuration:245 - Using pinned version: py-xgboost==1.3.3
2024-06-09 15:17:26.233 - INFO - 7850 - azureml.train.automl._experiment_drivers.driver_utilities.modify_run_configuration:239 - Package inference-schema missing from dependencies file.
2024-06-09 15:17:26.234 - INFO - 7850 - azureml.train.automl._experiment_drivers.driver_utilities.modify_run_configuration:249 - Using installed version: inference-schema==1.5.1
2024-06-09 15:17:26.234 - INFO - 7850 - azureml.train.automl._experiment_drivers.driver_utilities.modify_run_configuration:239 - Package fbprophet missing from dependencies file.
2024-06-09 15:17:26.234 - INFO - 7850 - azureml.train.automl._experiment_drivers.driver_utilities.modify_run_configuration:245 - Using pinned version: fbprophet==0.7.1
2024-06-09 15:17:26.235 - INFO - 7850 - azureml.train.automl._experiment_drivers.driver_utilities.modify_run_configuration:239 - Package holidays missing from dependencies file.
2024-06-09 15:17:26.235 - INFO - 7850 - azureml.train.automl._experiment_drivers.driver_utilities.modify_run_configuration:245 - Using pinned version: holidays==0.10.3
2024-06-09 15:17:26.235 - INFO - 7850 - azureml.train.automl._experiment_drivers.driver_utilities.modify_run_configuration:239 - Package joblib missing from dependencies file.
2024-06-09 15:17:26.236 - INFO - 7850 - azureml.train.automl._experiment_drivers.driver_utilities.modify_run_configuration:245 - Using pinned version: joblib==0.14.1
2024-06-09 15:17:26.236 - INFO - 7850 - azureml.train.automl._experiment_drivers.driver_utilities.modify_run_configuration:239 - Package pystan missing from dependencies file.
2024-06-09 15:17:26.236 - INFO - 7850 - azureml.train.automl._experiment_drivers.driver_utilities.modify_run_configuration:245 - Using pinned version: pystan==2.19.1.1
2024-06-09 15:17:26.237 - INFO - 7850 - azureml.train.automl._experiment_drivers.driver_utilities.modify_run_configuration:239 - Package setuptools-git missing from dependencies file.
2024-06-09 15:17:26.237 - INFO - 7850 - azureml.train.automl._experiment_drivers.driver_utilities.modify_run_configuration:249 - Using installed version: setuptools-git==1.2
2024-06-09 15:17:26.238 - INFO - 7850 - azureml.train.automl._experiment_drivers.driver_utilities.modify_run_configuration:239 - Package urllib3 missing from dependencies file.
2024-06-09 15:17:26.238 - INFO - 7850 - azureml.train.automl._experiment_drivers.driver_utilities.modify_run_configuration:249 - Using installed version: urllib3==1.26.16
2024-06-09 15:17:26.239 - INFO - 7850 - azureml.train.automl._experiment_drivers.driver_utilities.modify_run_configuration:239 - Package azure-core missing from dependencies file.
2024-06-09 15:17:26.239 - INFO - 7850 - azureml.train.automl._experiment_drivers.driver_utilities.modify_run_configuration:249 - Using installed version: azure-core==1.26.4
2024-06-09 15:17:26.239 - INFO - 7850 - azureml.train.automl._experiment_drivers.driver_utilities.modify_run_configuration:239 - Package boto3 missing from dependencies file.
2024-06-09 15:17:26.240 - INFO - 7850 - azureml.train.automl._experiment_drivers.driver_utilities.modify_run_configuration:245 - Using pinned version: boto3==1.15.18
2024-06-09 15:17:26.240 - INFO - 7850 - azureml.train.automl._experiment_drivers.driver_utilities.modify_run_configuration:239 - Package botocore missing from dependencies file.
2024-06-09 15:17:26.240 - INFO - 7850 - azureml.train.automl._experiment_drivers.driver_utilities.modify_run_configuration:245 - Using pinned version: botocore==1.18.18
2024-06-09 15:17:26.251 - INFO - 7850 - azureml.automl.core.dataset_utilities._save_datasets_to_json:255 - JSON serialization of input of type <class 'NoneType'> is un-supported.
2024-06-09 15:17:26.251 - INFO - 7850 - azureml.automl.core.dataset_utilities._save_datasets_to_json:255 - JSON serialization of input of type <class 'NoneType'> is un-supported.
2024-06-09 15:17:26.252 - INFO - 7850 - azureml.train.automl._experiment_drivers.driver_utilities.validate_input:124 - Start data validation.
2024-06-09 15:18:37.464 - INFO - 7850 - azureml.train.automl._experiment_drivers.driver_utilities.modify_run_configuration:239 - Package azureml-train-automl missing from dependencies file.
2024-06-09 15:18:37.465 - INFO - 7850 - azureml.train.automl._experiment_drivers.driver_utilities.modify_run_configuration:245 - Using pinned version: azureml-train-automl==1.51.0.*
2024-06-09 15:18:37.465 - INFO - 7850 - azureml.train.automl._experiment_drivers.driver_utilities.modify_run_configuration:239 - Package pandas missing from dependencies file.
2024-06-09 15:18:37.465 - INFO - 7850 - azureml.train.automl._experiment_drivers.driver_utilities.modify_run_configuration:245 - Using pinned version: pandas==1.1.5
2024-06-09 15:18:37.465 - INFO - 7850 - azureml.train.automl._experiment_drivers.driver_utilities.modify_run_configuration:239 - Package psutil missing from dependencies file.
2024-06-09 15:18:37.466 - INFO - 7850 - azureml.train.automl._experiment_drivers.driver_utilities.modify_run_configuration:245 - Using pinned version: psutil>5.0.0,<6.0.0
2024-06-09 15:18:37.466 - INFO - 7850 - azureml.train.automl._experiment_drivers.driver_utilities.modify_run_configuration:239 - Package scikit-learn missing from dependencies file.
2024-06-09 15:18:37.466 - INFO - 7850 - azureml.train.automl._experiment_drivers.driver_utilities.modify_run_configuration:245 - Using pinned version: scikit-learn==0.22.1
2024-06-09 15:18:37.466 - INFO - 7850 - azureml.train.automl._experiment_drivers.driver_utilities.modify_run_configuration:239 - Package numpy missing from dependencies file.
2024-06-09 15:18:37.467 - INFO - 7850 - azureml.train.automl._experiment_drivers.driver_utilities.modify_run_configuration:245 - Using pinned version: numpy==1.21.6
2024-06-09 15:18:37.467 - INFO - 7850 - azureml.train.automl._experiment_drivers.driver_utilities.modify_run_configuration:239 - Package py-xgboost missing from dependencies file.
2024-06-09 15:18:37.467 - INFO - 7850 - azureml.train.automl._experiment_drivers.driver_utilities.modify_run_configuration:245 - Using pinned version: py-xgboost==1.3.3
2024-06-09 15:18:37.468 - INFO - 7850 - azureml.train.automl._experiment_drivers.driver_utilities.modify_run_configuration:239 - Package inference-schema missing from dependencies file.
2024-06-09 15:18:37.468 - INFO - 7850 - azureml.train.automl._experiment_drivers.driver_utilities.modify_run_configuration:249 - Using installed version: inference-schema==1.5.1
2024-06-09 15:18:37.468 - INFO - 7850 - azureml.train.automl._experiment_drivers.driver_utilities.modify_run_configuration:239 - Package fbprophet missing from dependencies file.
2024-06-09 15:18:37.469 - INFO - 7850 - azureml.train.automl._experiment_drivers.driver_utilities.modify_run_configuration:245 - Using pinned version: fbprophet==0.7.1
2024-06-09 15:18:37.469 - INFO - 7850 - azureml.train.automl._experiment_drivers.driver_utilities.modify_run_configuration:239 - Package holidays missing from dependencies file.
2024-06-09 15:18:37.469 - INFO - 7850 - azureml.train.automl._experiment_drivers.driver_utilities.modify_run_configuration:245 - Using pinned version: holidays==0.10.3
2024-06-09 15:18:37.470 - INFO - 7850 - azureml.train.automl._experiment_drivers.driver_utilities.modify_run_configuration:239 - Package joblib missing from dependencies file.
2024-06-09 15:18:37.470 - INFO - 7850 - azureml.train.automl._experiment_drivers.driver_utilities.modify_run_configuration:245 - Using pinned version: joblib==0.14.1
2024-06-09 15:18:37.470 - INFO - 7850 - azureml.train.automl._experiment_drivers.driver_utilities.modify_run_configuration:239 - Package pystan missing from dependencies file.
2024-06-09 15:18:37.471 - INFO - 7850 - azureml.train.automl._experiment_drivers.driver_utilities.modify_run_configuration:245 - Using pinned version: pystan==2.19.1.1
2024-06-09 15:18:37.471 - INFO - 7850 - azureml.train.automl._experiment_drivers.driver_utilities.modify_run_configuration:239 - Package setuptools-git missing from dependencies file.
2024-06-09 15:18:37.471 - INFO - 7850 - azureml.train.automl._experiment_drivers.driver_utilities.modify_run_configuration:249 - Using installed version: setuptools-git==1.2
2024-06-09 15:18:37.472 - INFO - 7850 - azureml.train.automl._experiment_drivers.driver_utilities.modify_run_configuration:239 - Package urllib3 missing from dependencies file.
2024-06-09 15:18:37.472 - INFO - 7850 - azureml.train.automl._experiment_drivers.driver_utilities.modify_run_configuration:249 - Using installed version: urllib3==1.26.16
2024-06-09 15:18:37.472 - INFO - 7850 - azureml.train.automl._experiment_drivers.driver_utilities.modify_run_configuration:239 - Package azure-core missing from dependencies file.
2024-06-09 15:18:37.473 - INFO - 7850 - azureml.train.automl._experiment_drivers.driver_utilities.modify_run_configuration:249 - Using installed version: azure-core==1.26.4
2024-06-09 15:18:37.473 - INFO - 7850 - azureml.train.automl._experiment_drivers.driver_utilities.modify_run_configuration:239 - Package boto3 missing from dependencies file.
2024-06-09 15:18:37.473 - INFO - 7850 - azureml.train.automl._experiment_drivers.driver_utilities.modify_run_configuration:245 - Using pinned version: boto3==1.15.18
2024-06-09 15:18:37.474 - INFO - 7850 - azureml.train.automl._experiment_drivers.driver_utilities.modify_run_configuration:239 - Package botocore missing from dependencies file.
2024-06-09 15:18:37.474 - INFO - 7850 - azureml.train.automl._experiment_drivers.driver_utilities.modify_run_configuration:245 - Using pinned version: botocore==1.18.18
2024-06-09 15:18:37.477 - INFO - 7850 - azureml.automl.core.dataset_utilities._save_datasets_to_json:255 - JSON serialization of input of type <class 'NoneType'> is un-supported.
2024-06-09 15:18:37.477 - INFO - 7850 - azureml.automl.core.dataset_utilities._save_datasets_to_json:255 - JSON serialization of input of type <class 'NoneType'> is un-supported.
2024-06-09 15:18:37.478 - INFO - 7850 - azureml.train.automl._experiment_drivers.driver_utilities.validate_input:124 - Start data validation.
2024-06-09 15:18:38.321 - INFO - 7850 - azureml.train.automl._experiment_drivers.driver_utilities.validate_input:137 - Validation service found the data has no errors.
2024-06-09 15:18:38.322 - INFO - 7850 - azureml.train.automl._experiment_drivers.driver_utilities.create_remote_parent_run:381 - Start creating parent run.
2024-06-09 15:18:38.636 - INFO - 7850 - azureml.train.automl._experiment_drivers.driver_utilities.create_remote_parent_run:401 - [ParentRunID:AutoML_9910eaa5-191e-4485-b0e2-9273da72d3e4] Remote run using input X and y.
2024-06-09 15:18:38.721 - INFO - 7850 - azureml.train.automl._experiment_drivers.driver_utilities.start_remote_run:336 - Starting a snapshot run (snapshot_id : None)
2024-06-09 16:36:03.905 - INFO - 7850 - azureml.train.automl._experiment_drivers.driver_utilities.modify_run_configuration:239 - Package azureml-train-automl missing from dependencies file.
2024-06-09 16:36:03.912 - INFO - 7850 - azureml.train.automl._experiment_drivers.driver_utilities.modify_run_configuration:245 - Using pinned version: azureml-train-automl==1.51.0.*
2024-06-09 16:36:03.918 - INFO - 7850 - azureml.train.automl._experiment_drivers.driver_utilities.modify_run_configuration:239 - Package pandas missing from dependencies file.
2024-06-09 16:36:03.927 - INFO - 7850 - azureml.train.automl._experiment_drivers.driver_utilities.modify_run_configuration:245 - Using pinned version: pandas==1.1.5
2024-06-09 16:36:03.933 - INFO - 7850 - azureml.train.automl._experiment_drivers.driver_utilities.modify_run_configuration:239 - Package psutil missing from dependencies file.
2024-06-09 16:36:03.939 - INFO - 7850 - azureml.train.automl._experiment_drivers.driver_utilities.modify_run_configuration:245 - Using pinned version: psutil>5.0.0,<6.0.0
2024-06-09 16:36:03.949 - INFO - 7850 - azureml.train.automl._experiment_drivers.driver_utilities.modify_run_configuration:239 - Package scikit-learn missing from dependencies file.
2024-06-09 16:36:03.959 - INFO - 7850 - azureml.train.automl._experiment_drivers.driver_utilities.modify_run_configuration:245 - Using pinned version: scikit-learn==0.22.1
2024-06-09 16:36:03.964 - INFO - 7850 - azureml.train.automl._experiment_drivers.driver_utilities.modify_run_configuration:239 - Package numpy missing from dependencies file.
2024-06-09 16:36:03.970 - INFO - 7850 - azureml.train.automl._experiment_drivers.driver_utilities.modify_run_configuration:245 - Using pinned version: numpy==1.21.6
2024-06-09 16:36:03.978 - INFO - 7850 - azureml.train.automl._experiment_drivers.driver_utilities.modify_run_configuration:239 - Package py-xgboost missing from dependencies file.
2024-06-09 16:36:03.988 - INFO - 7850 - azureml.train.automl._experiment_drivers.driver_utilities.modify_run_configuration:245 - Using pinned version: py-xgboost==1.3.3
2024-06-09 16:36:03.994 - INFO - 7850 - azureml.train.automl._experiment_drivers.driver_utilities.modify_run_configuration:239 - Package inference-schema missing from dependencies file.
2024-06-09 16:36:04.000 - INFO - 7850 - azureml.train.automl._experiment_drivers.driver_utilities.modify_run_configuration:249 - Using installed version: inference-schema==1.5.1
2024-06-09 16:36:04.010 - INFO - 7850 - azureml.train.automl._experiment_drivers.driver_utilities.modify_run_configuration:239 - Package fbprophet missing from dependencies file.
2024-06-09 16:36:04.019 - INFO - 7850 - azureml.train.automl._experiment_drivers.driver_utilities.modify_run_configuration:245 - Using pinned version: fbprophet==0.7.1
2024-06-09 16:36:04.025 - INFO - 7850 - azureml.train.automl._experiment_drivers.driver_utilities.modify_run_configuration:239 - Package holidays missing from dependencies file.
2024-06-09 16:36:04.031 - INFO - 7850 - azureml.train.automl._experiment_drivers.driver_utilities.modify_run_configuration:245 - Using pinned version: holidays==0.10.3
2024-06-09 16:36:04.041 - INFO - 7850 - azureml.train.automl._experiment_drivers.driver_utilities.modify_run_configuration:239 - Package joblib missing from dependencies file.
2024-06-09 16:36:04.049 - INFO - 7850 - azureml.train.automl._experiment_drivers.driver_utilities.modify_run_configuration:245 - Using pinned version: joblib==0.14.1
2024-06-09 16:36:04.056 - INFO - 7850 - azureml.train.automl._experiment_drivers.driver_utilities.modify_run_configuration:239 - Package pystan missing from dependencies file.
2024-06-09 16:36:04.057 - INFO - 7850 - azureml.train.automl._experiment_drivers.driver_utilities.modify_run_configuration:245 - Using pinned version: pystan==2.19.1.1
2024-06-09 16:36:04.058 - INFO - 7850 - azureml.train.automl._experiment_drivers.driver_utilities.modify_run_configuration:239 - Package setuptools-git missing from dependencies file.
2024-06-09 16:36:04.058 - INFO - 7850 - azureml.train.automl._experiment_drivers.driver_utilities.modify_run_configuration:249 - Using installed version: setuptools-git==1.2
2024-06-09 16:36:04.059 - INFO - 7850 - azureml.train.automl._experiment_drivers.driver_utilities.modify_run_configuration:239 - Package urllib3 missing from dependencies file.
2024-06-09 16:36:04.061 - INFO - 7850 - azureml.train.automl._experiment_drivers.driver_utilities.modify_run_configuration:249 - Using installed version: urllib3==1.26.16
2024-06-09 16:36:04.062 - INFO - 7850 - azureml.train.automl._experiment_drivers.driver_utilities.modify_run_configuration:239 - Package azure-core missing from dependencies file.
2024-06-09 16:36:04.062 - INFO - 7850 - azureml.train.automl._experiment_drivers.driver_utilities.modify_run_configuration:249 - Using installed version: azure-core==1.26.4
2024-06-09 16:36:04.063 - INFO - 7850 - azureml.train.automl._experiment_drivers.driver_utilities.modify_run_configuration:239 - Package boto3 missing from dependencies file.
2024-06-09 16:36:04.063 - INFO - 7850 - azureml.train.automl._experiment_drivers.driver_utilities.modify_run_configuration:245 - Using pinned version: boto3==1.15.18
2024-06-09 16:36:04.064 - INFO - 7850 - azureml.train.automl._experiment_drivers.driver_utilities.modify_run_configuration:239 - Package botocore missing from dependencies file.
2024-06-09 16:36:04.064 - INFO - 7850 - azureml.train.automl._experiment_drivers.driver_utilities.modify_run_configuration:245 - Using pinned version: botocore==1.18.18
2024-06-09 16:36:04.066 - INFO - 7850 - azureml.automl.core.dataset_utilities._save_datasets_to_json:255 - JSON serialization of input of type <class 'NoneType'> is un-supported.
2024-06-09 16:36:04.066 - INFO - 7850 - azureml.automl.core.dataset_utilities._save_datasets_to_json:255 - JSON serialization of input of type <class 'NoneType'> is un-supported.
2024-06-09 16:36:04.068 - INFO - 7850 - azureml.train.automl._experiment_drivers.driver_utilities.validate_input:124 - Start data validation.
2024-06-09 16:36:04.762 - INFO - 7850 - azureml.train.automl._experiment_drivers.driver_utilities.validate_input:137 - Validation service found the data has no errors.
2024-06-09 16:36:04.763 - INFO - 7850 - azureml.train.automl._experiment_drivers.driver_utilities.create_remote_parent_run:381 - Start creating parent run.
2024-06-09 16:36:05.046 - INFO - 7850 - azureml.train.automl._experiment_drivers.driver_utilities.create_remote_parent_run:401 - [ParentRunID:AutoML_4506947a-35c6-49f0-b99b-37268eeba8fe] Remote run using input X and y.
2024-06-09 16:36:05.132 - INFO - 7850 - azureml.train.automl._experiment_drivers.driver_utilities.start_remote_run:336 - Starting a snapshot run (snapshot_id : None)
